SF:lib/models/base_response.dart
DA:7,1
DA:9,1
DA:18,2
DA:26,0
DA:27,0
DA:32,1
DA:33,1
LF:7
LH:5
end_of_record
SF:lib/models/device.dart
DA:9,1
DA:19,0
DA:22,0
LF:3
LH:1
end_of_record
SF:lib/models/device.g.dart
DA:9,0
DA:10,0
DA:11,0
DA:12,0
DA:13,0
DA:14,0
DA:15,0
DA:18,0
DA:19,0
DA:20,0
DA:21,0
DA:22,0
DA:23,0
DA:24,0
LF:14
LH:0
end_of_record
SF:lib/modules/splash/cubit/splash_state.dart
DA:11,1
DA:17,1
LF:2
LH:2
end_of_record
SF:lib/modules/splash/cubit/splash_cubit.dart
DA:11,3
DA:16,1
DA:17,2
DA:18,2
DA:19,2
DA:22,1
DA:23,2
DA:24,3
DA:26,2
DA:27,3
DA:29,3
LF:11
LH:11
end_of_record
SF:lib/repositories/devices_repository.dart
DA:10,1
DA:11,2
DA:13,2
DA:14,0
DA:15,0
DA:16,0
DA:18,0
DA:20,2
LF:8
LH:4
end_of_record
SF:lib/repositories/main_repository.dart
DA:11,0
DA:12,0
DA:13,0
DA:16,0
DA:17,0
DA:21,0
DA:29,0
DA:31,0
LF:8
LH:0
end_of_record
SF:lib/utils/enum.dart
DA:2,3
LF:1
LH:1
end_of_record
SF:lib/utils/get_it.dart
DA:5,0
DA:6,0
LF:2
LH:0
end_of_record
SF:lib/models/meta.dart
DA:11,0
DA:14,0
DA:17,0
LF:3
LH:0
end_of_record
SF:lib/models/meta.g.dart
DA:9,0
DA:10,0
DA:11,0
DA:14,0
DA:15,0
DA:16,0
LF:6
LH:0
end_of_record
SF:lib/services/api_services.dart
DA:14,1
DA:17,1
DA:20,0
DA:28,3
DA:31,1
DA:34,0
DA:35,0
DA:37,0
DA:38,0
DA:39,0
DA:40,0
DA:42,1
DA:44,1
DA:46,1
DA:47,2
DA:48,1
DA:57,0
DA:60,0
DA:63,0
DA:71,0
DA:75,0
DA:78,0
DA:80,0
DA:81,0
DA:82,0
DA:83,0
DA:85,0
DA:87,0
DA:89,0
DA:90,0
DA:91,0
DA:100,0
DA:103,0
DA:106,0
DA:114,0
DA:118,0
DA:121,0
DA:123,0
DA:124,0
DA:125,0
DA:126,0
DA:128,0
DA:130,0
DA:132,0
DA:133,0
DA:134,0
DA:143,0
DA:145,0
DA:148,0
DA:156,0
DA:158,0
DA:161,0
DA:163,0
DA:164,0
DA:165,0
DA:166,0
DA:168,0
DA:170,0
DA:172,0
DA:173,0
DA:174,0
LF:61
LH:9
end_of_record
SF:lib/modules/location_devices/cubit/location_devices_state.dart
DA:11,1
DA:18,1
LF:2
LH:2
end_of_record
SF:lib/modules/location_devices/cubit/location_devices_cubit.dart
DA:13,3
DA:19,1
DA:21,2
DA:23,2
DA:24,1
DA:25,3
DA:28,3
DA:32,4
DA:33,4
DA:34,2
DA:36,5
DA:46,3
DA:48,3
LF:13
LH:13
end_of_record
SF:lib/gen/assets.gen.dart
DA:9,1
DA:11,1
DA:16,0
DA:22,1
DA:24,0
DA:44,0
DA:67,2
LF:7
LH:4
end_of_record
