SF:lib/models/base_response.dart
DA:7,1
DA:9,1
DA:18,2
DA:26,1
DA:27,1
DA:32,1
DA:33,1
LF:7
LH:7
end_of_record
SF:lib/models/device.dart
DA:9,2
DA:19,2
LF:2
LH:2
end_of_record
SF:lib/models/device.g.dart
DA:9,2
DA:10,1
DA:11,1
DA:12,1
DA:13,1
DA:14,1
DA:15,1
LF:7
LH:7
end_of_record
SF:lib/modules/splash/cubit/splash_state.dart
DA:11,1
DA:17,1
LF:2
LH:2
end_of_record
SF:lib/modules/splash/cubit/splash_cubit.dart
DA:11,3
DA:16,1
DA:17,2
DA:18,2
DA:19,2
DA:22,1
DA:23,2
DA:24,3
DA:26,2
DA:27,3
DA:29,3
LF:11
LH:11
end_of_record
SF:lib/repositories/devices_repository.dart
DA:10,1
DA:11,2
DA:13,2
DA:14,3
DA:15,3
DA:16,1
DA:18,2
DA:20,2
LF:8
LH:8
end_of_record
SF:lib/repositories/main_repository.dart
DA:11,1
DA:17,1
DA:18,1
DA:19,1
DA:22,1
DA:23,1
DA:25,1
DA:27,1
DA:35,2
DA:36,4
DA:38,1
LF:11
LH:11
end_of_record
SF:lib/utils/enum.dart
DA:2,4
LF:1
LH:1
end_of_record
SF:lib/models/meta.dart
DA:11,1
DA:14,2
LF:2
LH:2
end_of_record
SF:lib/models/meta.g.dart
DA:9,2
DA:10,1
DA:11,1
LF:3
LH:3
end_of_record
SF:lib/services/api_services.dart
DA:14,1
DA:16,2
DA:18,1
DA:21,0
DA:29,2
DA:32,1
DA:35,1
DA:37,1
DA:38,1
DA:39,1
DA:40,1
DA:42,1
DA:44,3
DA:46,1
DA:47,2
DA:48,1
LF:16
LH:15
end_of_record
SF:lib/utils/get_it.dart
DA:5,1
DA:6,2
LF:2
LH:2
end_of_record
SF:lib/modules/location_devices/cubit/location_devices_state.dart
DA:11,1
DA:18,1
LF:2
LH:2
end_of_record
SF:lib/modules/location_devices/cubit/location_devices_cubit.dart
DA:13,3
DA:19,1
DA:21,2
DA:23,2
DA:24,1
DA:25,3
DA:28,3
DA:32,4
DA:33,4
DA:34,2
DA:36,5
DA:46,3
DA:48,3
LF:13
LH:13
end_of_record
SF:lib/gen/assets.gen.dart
DA:9,1
DA:11,1
DA:16,0
DA:22,1
DA:24,0
DA:44,0
DA:67,2
LF:7
LH:4
end_of_record
